0 info it worked if it ends with ok
1 verbose cli [ 'node', '/usr/local/bin/npm', 'install' ]
2 info using npm@1.1.32
3 info using node@v0.8.0
4 verbose config file /Users/troy.daniels/.npmrc
5 verbose config file /usr/local/etc/npmrc
6 verbose config file /usr/local/lib/node_modules/npm/npmrc
7 verbose read json /Library/WebServer/Documents/thoughtography/package.json
8 error install Couldn't read dependencies
9 error Error: ENOENT, open '/Library/WebServer/Documents/thoughtography/package.json'
9 error  { [Error: ENOENT, open '/Library/WebServer/Documents/thoughtography/package.json']
9 error   errno: 34,
9 error   code: 'ENOENT',
9 error   path: '/Library/WebServer/Documents/thoughtography/package.json' }
10 error You may report this log at:
10 error     <http://github.com/isaacs/npm/issues>
10 error or email it to:
10 error     <npm-@googlegroups.com>
11 error System Darwin 11.4.2
12 error command "node" "/usr/local/bin/npm" "install"
13 error cwd /Library/WebServer/Documents/thoughtography/js/server
14 error node -v v0.8.0
15 error npm -v 1.1.32
16 error path /Library/WebServer/Documents/thoughtography/package.json
17 error code ENOENT
18 error message ENOENT, open '/Library/WebServer/Documents/thoughtography/package.json'
19 error errno 34
20 error 34 errno
21 verbose exit [ 34, true ]
